TN:
SF:dist\app.js
FN:2,(anonymous_0)
FN:46,(anonymous_1)
FN:58,(anonymous_2)
FN:60,(anonymous_3)
FN:64,(anonymous_4)
FN:66,(anonymous_5)
FN:70,(anonymous_6)
FN:72,(anonymous_7)
FN:76,(anonymous_8)
FN:79,(anonymous_9)
FNF:10
FNH:1
FNDA:3,(anonymous_0)
FNDA:0,(anonymous_1)
FNDA:0,(anonymous_2)
FNDA:0,(anonymous_3)
FNDA:0,(anonymous_4)
FNDA:0,(anonymous_5)
FNDA:0,(anonymous_6)
FNDA:0,(anonymous_7)
FNDA:0,(anonymous_8)
FNDA:0,(anonymous_9)
DA:2,1
DA:3,3
DA:5,1
DA:6,1
DA:7,1
DA:8,1
DA:9,1
DA:10,1
DA:11,1
DA:12,1
DA:13,1
DA:46,1
DA:47,0
DA:48,0
DA:49,0
DA:50,0
DA:51,0
DA:54,0
DA:58,1
DA:59,0
DA:60,0
DA:61,0
DA:64,1
DA:65,0
DA:66,0
DA:67,0
DA:70,1
DA:71,0
DA:72,0
DA:73,0
DA:76,1
DA:77,0
DA:79,1
DA:80,0
DA:82,1
LF:35
LH:18
BRDA:2,0,0,1
BRDA:2,0,1,1
BRDA:2,0,2,1
BRDA:3,1,0,1
BRDA:3,1,1,2
BRDA:3,2,0,3
BRDA:3,2,1,3
BRDA:48,3,0,0
BRDA:48,3,1,0
BRDA:48,4,0,0
BRDA:48,4,1,0
BRDA:48,4,2,0
BRDA:48,4,3,0
BRDA:48,4,4,0
BRF:14
BRH:7
end_of_record
TN:
SF:dist\functionGen.js
FN:2,(anonymous_0)
FN:9,autoGenId
FN:16,getById
FN:17,(anonymous_3)
FN:20,getByPriority
FN:21,(anonymous_5)
FN:24,addTodo
FN:34,deleteById
FN:35,(anonymous_8)
FNF:9
FNH:5
FNDA:1,(anonymous_0)
FNDA:1,autoGenId
FNDA:1,getById
FNDA:7,(anonymous_3)
FNDA:0,getByPriority
FNDA:0,(anonymous_5)
FNDA:1,addTodo
FNDA:0,deleteById
FNDA:0,(anonymous_8)
DA:2,1
DA:3,1
DA:5,1
DA:6,1
DA:7,1
DA:8,1
DA:10,1
DA:11,1
DA:12,1
DA:14,1
DA:17,7
DA:18,1
DA:21,0
DA:22,0
DA:25,1
DA:26,1
DA:27,1
DA:28,1
DA:31,0
DA:35,0
DA:36,0
DA:38,1
DA:39,1
LF:23
LH:18
BRDA:2,0,0,1
BRDA:2,0,1,1
BRDA:2,0,2,1
BRDA:3,1,0,1
BRDA:3,1,1,0
BRDA:3,2,0,1
BRDA:3,2,1,1
BRDA:10,3,0,1
BRDA:10,3,1,0
BRDA:25,4,0,1
BRDA:25,4,1,0
BRDA:25,5,0,1
BRDA:25,5,1,1
BRDA:25,5,2,1
BRDA:25,5,3,1
BRDA:25,5,4,1
BRF:16
BRH:13
end_of_record
